Running: C:\Xilinx\14.7\ISE_DS\ISE\bin\nt64\unwrapped\fuse.exe -intstyle ise -incremental -o D:/Stvari/Faks/Alati za razvoj digitalnih sustava/azrds/Popovic/projekt01/pwm01_tb_isim_beh.exe -prj D:/Stvari/Faks/Alati za razvoj digitalnih sustava/azrds/Popovic/projekt01/pwm01_tb_beh.prj work.pwm01_tb 
ISim P.20131013 (signature 0x7708f090)
Number of CPUs detected in this system: 4
Turning on mult-threading, number of parallel sub-compilation jobs: 8 
Determining compilation order of HDL files
Parsing VHDL file "D:/Stvari/Faks/Alati za razvoj digitalnih sustava/azrds/Popovic/projekt01/pwm01.vhd" into library work
Parsing VHDL file "D:/Stvari/Faks/Alati za razvoj digitalnih sustava/azrds/Popovic/projekt01/pwm01_tb.vhd" into library work
Starting static elaboration
Completed static elaboration
Compiling package standard
Compiling package std_logic_1164
Compiling package std_logic_arith
Compiling package std_logic_unsigned
Compiling architecture rtl of entity pwm01 [pwm01_default]
Compiling architecture behavior of entity pwm01_tb
Time Resolution for simulation is 1ps.
Waiting for 1 sub-compilation(s) to finish...
Compiled 7 VHDL Units
Built simulation executable D:/Stvari/Faks/Alati za razvoj digitalnih sustava/azrds/Popovic/projekt01/pwm01_tb_isim_beh.exe
Fuse Memory Usage: 34544 KB
Fuse CPU Usage: 531 ms
